app/build/intermediates/manifest_merge_blame_file/debug/processDebugMainManifest/manifest-merger-blame-debug-report.txt
1<?xml version="1.0" encoding="utf-8"?>
2<manifest xmlns:android="http://schemas.android.com/apk/res/android"
3    package="com.rpgloader"
4    android:versionCode="1"
5    android:versionName="1.0" >
6
7    <uses-sdk
8        android:minSdkVersion="26"
9        android:targetSdkVersion="35" />
10
11    <uses-permission android:name="android.permission.MANAGE_EXTERNAL_STORAGE" />
11-->src/main/AndroidManifest.xml:3:5-82
11-->src/main/AndroidManifest.xml:3:22-79
12
13    <application
13-->src/main/AndroidManifest.xml:5:5-31:19
14        android:allowBackup="true"
14-->src/main/AndroidManifest.xml:8:9-35
15        android:debuggable="true"
16        android:extractNativeLibs="false"
17        android:label="RPG Loader"
17-->src/main/AndroidManifest.xml:7:9-35
18        android:supportsRtl="true"
18-->src/main/AndroidManifest.xml:9:9-35
19        android:theme="@style/AppTheme" >
19-->src/main/AndroidManifest.xml:6:9-40
20        <activity
20-->src/main/AndroidManifest.xml:11:9-17:40
21            android:name="com.rpgloader.GameActivity"
21-->src/main/AndroidManifest.xml:12:13-41
22            android:configChanges="orientation|screenSize|smallestScreenSize|screenLayout"
22-->src/main/AndroidManifest.xml:16:13-91
23            android:exported="false"
23-->src/main/AndroidManifest.xml:17:13-37
24            android:launchMode="singleTask"
24-->src/main/AndroidManifest.xml:15:13-44
25            android:screenOrientation="landscape"
25-->src/main/AndroidManifest.xml:14:13-50
26            android:theme="@style/GameTheme" />
26-->src/main/AndroidManifest.xml:13:13-45
27        <activity
27-->src/main/AndroidManifest.xml:19:9-29:20
28            android:name="com.rpgloader.MainActivity"
28-->src/main/AndroidManifest.xml:20:13-41
29            android:exported="true"
29-->src/main/AndroidManifest.xml:22:13-36
30            android:screenOrientation="unspecified" >
30-->src/main/AndroidManifest.xml:21:13-52
31            <intent-filter>
31-->src/main/AndroidManifest.xml:24:13-27:29
32                <action android:name="android.intent.action.MAIN" />
32-->src/main/AndroidManifest.xml:25:17-69
32-->src/main/AndroidManifest.xml:25:25-66
33
34                <category android:name="android.intent.category.LAUNCHER" />
34-->src/main/AndroidManifest.xml:26:17-77
34-->src/main/AndroidManifest.xml:26:27-74
35            </intent-filter>
36        </activity>
37    </application>
38
39</manifest>